[1/1] Compiling plugin GenerateManual
[2/2] Compiling plugin GenerateDoccReference
Building for debugging...
[2/49] Write swift-version-480714BACE3F7E29.txt
[4/8] Emitting module SwiftS3
[5/8] Compiling SwiftS3 FileSystemStorage.swift
/home/user/dev/SwiftS3/Sources/SwiftS3/Storage/FileSystemStorage.swift:49:55: [1;31merror: [1;39mvalue of type 'DirectoryEntry' has no member 'info'[0;0m
 [0;36m47 |[0;0m              for try await entry in handle.listContents() {
 [0;36m48 |[0;0m                  if entry.type == .directory {
 [0;36m49 |[0;0m                      let attributes = try await [4;39mentry[0;0m.[4;39minfo[0;0m()
    [0;36m|[0;0m                                                       `- [1;31merror: [1;39mvalue of type 'DirectoryEntry' has no member 'info'[0;0m
 [0;36m50 |[0;0m                      let created = attributes.creationTime ?? attributes.modificationTime
 [0;36m51 |[0;0m                      buckets.append((name: entry.name.string, created: created))

/home/user/dev/SwiftS3/Sources/SwiftS3/Storage/FileSystemStorage.swift:158:17: [1;33mwarning: [1;39minitialization of immutable value 'task' was never used; consider replacing with assignment to '_' or removing it[0;0m [#no-usage]
[0;36m156 |[0;0m         
[0;36m157 |[0;0m         let body = AsyncStream<ByteBuffer> { continuation in
[0;36m158 |[0;0m             let task = Task {
    [0;36m|[0;0m                 `- [1;33mwarning: [1;39minitialization of immutable value 'task' was never used; consider replacing with assignment to '_' or removing it[0;0m [#no-usage]
[0;36m159 |[0;0m                 do {
[0;36m160 |[0;0m                     defer { try? await handle.close() }

/home/user/dev/SwiftS3/Sources/SwiftS3/Storage/FileSystemStorage.swift:160:47: [1;31merror: [1;39m'async' call cannot occur in a defer body[0;0m
[0;36m158 |[0;0m             let task = Task {
[0;36m159 |[0;0m                 do {
[0;36m160 |[0;0m                     defer { try? await handle.close() }
    [0;36m|[0;0m                                               `- [1;31merror: [1;39m'async' call cannot occur in a defer body[0;0m
[0;36m161 |[0;0m                     
[0;36m162 |[0;0m                     let info = try await handle.info()

/home/user/dev/SwiftS3/Sources/SwiftS3/Storage/FileSystemStorage.swift:201:9: [1;33mwarning: [1;39mresult of 'try?' is unused[0;0m [#no-usage]
[0;36m199 |[0;0m     func deleteObject(bucket: String, key: String) async throws {
[0;36m200 |[0;0m         let path = getObjectPath(bucket: bucket, key: key)
[0;36m201 |[0;0m         [4;39mtry? await fileSystem.removeItem(at: path, strategy: .platformDefault, recursively: false)[0;0m
    [0;36m|[0;0m         `- [1;33mwarning: [1;39mresult of 'try?' is unused[0;0m [#no-usage]
[0;36m202 |[0;0m         try await metadataStore.deleteMetadata(bucket: bucket, key: key)
[0;36m203 |[0;0m     }

/home/user/dev/SwiftS3/Sources/SwiftS3/Storage/FileSystemStorage.swift:291:30: [1;33mwarning: [1;39mresult of call to 'withFileHandle(forWritingAt:options:execute:)' is unused[0;0m [#no-usage]
[0;36m289 |[0;0m         
[0;36m290 |[0;0m         // Write info.json
[0;36m291 |[0;0m         try await fileSystem.withFileHandle(forWritingAt: path.appending("info.json"), options: .newFile(replaceExisting: true)) { handle in
    [0;36m|[0;0m                              `- [1;33mwarning: [1;39mresult of call to 'withFileHandle(forWritingAt:options:execute:)' is unused[0;0m [#no-usage]
[0;36m292 |[0;0m              try await handle.write(contentsOf: data.map { $0 }, toAbsoluteOffset: 0)
[0;36m293 |[0;0m         }

/home/user/dev/SwiftS3/Sources/SwiftS3/Storage/FileSystemStorage.swift:405:9: [1;33mwarning: [1;39mresult of 'try?' is unused[0;0m [#no-usage]
[0;36m403 |[0;0m     func abortMultipartUpload(bucket: String, key: String, uploadId: String) async throws {
[0;36m404 |[0;0m         let uPath = uploadPath(bucket: bucket, uploadId: uploadId)
[0;36m405 |[0;0m         [4;39mtry? await fileSystem.removeItem(at: uPath, strategy: .platformDefault, recursively: true)[0;0m
    [0;36m|[0;0m         `- [1;33mwarning: [1;39mresult of 'try?' is unused[0;0m [#no-usage]
[0;36m406 |[0;0m     }
[0;36m407 |[0;0m }
